[debug] [2023-02-27T07:28:43.968Z] ----------------------------------------------------------------------
[debug] [2023-02-27T07:28:43.971Z] Command:       C:\Users\steph\.nvm\versions\node\v18.14.0\bin\node.exe C:\Users\steph\.nvm\versions\node\v18.14.0\bin\node_modules\firebase-tools\lib\bin\firebase.js init
[debug] [2023-02-27T07:28:43.972Z] CLI Version:   11.23.1
[debug] [2023-02-27T07:28:43.973Z] Platform:      win32
[debug] [2023-02-27T07:28:43.973Z] Node Version:  v18.14.0
[debug] [2023-02-27T07:28:43.974Z] Time:          Mon Feb 27 2023 12:58:43 GMT+0530 (India Standard Time)
[debug] [2023-02-27T07:28:43.974Z] ----------------------------------------------------------------------
[debug] 
[debug] [2023-02-27T07:28:43.985Z] > command requires scopes: ["email","openid","https://www.googleapis.com/auth/cloudplatformprojects.readonly","https://www.googleapis.com/auth/firebase","https://www.googleapis.com/auth/cloud-platform"]
[debug] [2023-02-27T07:28:43.985Z] > authorizing via signed-in user (stephint07@gmail.com)
[info] 
     ######## #### ########  ######## ########     ###     ######  ########
     ##        ##  ##     ## ##       ##     ##  ##   ##  ##       ##
     ######    ##  ########  ######   ########  #########  ######  ######
     ##        ##  ##    ##  ##       ##     ## ##     ##       ## ##
     ##       #### ##     ## ######## ########  ##     ##  ######  ########

You're about to initialize a Firebase project in this directory:

  C:\Users\steph\OneDrive\Desktop\React projects\My Projects\we-connect

[info] 
=== Account Setup
[info] 
[info] Which account do you want to use for this project? Choose an account or add a new one now
[info] 
[debug] [2023-02-27T07:28:53.198Z] setProjectAccount(C:\Users\steph\OneDrive\Desktop\React projects\My Projects\we-connect, stephinthathyuse2001@gmail.com)
[info] 
[info] +  Using account: stephinthathyuse2001@gmail.com 
[info] 
=== Project Setup
[info] 
[info] First, let's associate this project directory with a Firebase project.
[info] You can create multiple project aliases by running firebase use --add, 
[info] but for now we'll just set up a default project.
[info] 
[debug] [2023-02-27T07:28:55.326Z] > refreshing access token with scopes: []
[debug] [2023-02-27T07:28:55.330Z] >>> [apiv2][query] POST https://www.googleapis.com/oauth2/v3/token [none]
[debug] [2023-02-27T07:28:55.330Z] >>> [apiv2][body] POST https://www.googleapis.com/oauth2/v3/token [omitted]
[debug] [2023-02-27T07:28:55.687Z] <<< [apiv2][status] POST https://www.googleapis.com/oauth2/v3/token 200
[debug] [2023-02-27T07:28:55.687Z] <<< [apiv2][body] POST https://www.googleapis.com/oauth2/v3/token [omitted]
[debug] [2023-02-27T07:28:55.692Z] >>> [apiv2][query] GET https://firebase.googleapis.com/v1beta1/projects pageSize=100
[debug] [2023-02-27T07:28:56.565Z] <<< [apiv2][status] GET https://firebase.googleapis.com/v1beta1/projects 200
[debug] [2023-02-27T07:28:56.565Z] <<< [apiv2][body] GET https://firebase.googleapis.com/v1beta1/projects [omitted]
[info] i  Using project we-connect-25a79 (We-connect) 
[info] 
=== Hosting Setup
[info] 
[info] Your public directory is the folder (relative to your project directory) that
[info] will contain Hosting assets to be uploaded with firebase deploy. If you
[info] have a build process for your assets, use your build's output directory.
[info] 
